<?xml version="1.0" encoding="UTF-8"?>
<testng-results ignored="0" total="1" passed="1" failed="0" skipped="0">
  <reporter-output>
  </reporter-output>
  <suite started-at="2022-02-09T01:56:57Z" name="Default suite" finished-at="2022-02-09T01:57:10Z" duration-ms="12993">
    <groups>
    </groups>
    <test started-at="2022-02-09T01:56:57Z" name="Default test" finished-at="2022-02-09T01:57:10Z" duration-ms="12993">
      <class name="com.java.NuevaTest">
        <test-method is-config="true" signature="beforeTest()[pri:0, instance:com.java.NuevaTest@4397ad89]" started-at="2022-02-09T01:56:57Z" name="beforeTest" finished-at="2022-02-09T01:56:57Z" duration-ms="18" status="PASS">
          <reporter-output>
          </reporter-output>
        </test-method> <!-- beforeTest -->
        <test-method signature="googleTest()[pri:0, instance:com.java.NuevaTest@4397ad89]" started-at="2022-02-09T01:56:57Z" name="googleTest" finished-at="2022-02-09T01:57:06Z" duration-ms="8710" status="PASS">
          <reporter-output>
          </reporter-output>
        </test-method> <!-- googleTest -->
        <test-method is-config="true" signature="afterTest()[pri:0, instance:com.java.NuevaTest@4397ad89]" started-at="2022-02-09T01:57:06Z" name="afterTest" finished-at="2022-02-09T01:57:10Z" duration-ms="4221" status="PASS">
          <reporter-output>
          </reporter-output>
        </test-method> <!-- afterTest -->
      </class> <!-- com.java.NuevaTest -->
    </test> <!-- Default test -->
  </suite> <!-- Default suite -->
</testng-results>
